c:\users\nabom\onedrive\desktop\개인포폴준비용\20190304작업_프메\x64\debug\windowsapi.pch
c:\users\nabom\onedrive\desktop\개인포폴준비용\20190304작업_프메\x64\debug\vc141.pdb
c:\users\nabom\onedrive\desktop\개인포폴준비용\20190304작업_프메\x64\debug\vc141.idb
c:\users\nabom\onedrive\desktop\개인포폴준비용\20190304작업_프메\x64\debug\stdafx.obj
c:\users\nabom\onedrive\desktop\개인포폴준비용\20190304작업_프메\x64\debug\objecttool.obj
c:\users\nabom\onedrive\desktop\개인포폴준비용\20190304작업_프메\x64\debug\maptool.obj
c:\users\nabom\onedrive\desktop\개인포폴준비용\20190304작업_프메\x64\debug\mainscene.obj
c:\users\nabom\onedrive\desktop\개인포폴준비용\20190304작업_프메\x64\debug\knighterrantryscene.obj
c:\users\nabom\onedrive\desktop\개인포폴준비용\20190304작업_프메\x64\debug\keymanager.obj
c:\users\nabom\onedrive\desktop\개인포폴준비용\20190304작업_프메\x64\debug\keyanimanager.obj
c:\users\nabom\onedrive\desktop\개인포폴준비용\20190304작업_프메\x64\debug\inidatamanager.obj
c:\users\nabom\onedrive\desktop\개인포폴준비용\20190304작업_프메\x64\debug\imagemanager.obj
c:\users\nabom\onedrive\desktop\개인포폴준비용\20190304작업_프메\x64\debug\image.obj
c:\users\nabom\onedrive\desktop\개인포폴준비용\20190304작업_프메\x64\debug\gamenode.obj
c:\users\nabom\onedrive\desktop\개인포폴준비용\20190304작업_프메\x64\debug\framemanager.obj
c:\users\nabom\onedrive\desktop\개인포폴준비용\20190304작업_프메\x64\debug\frame.obj
c:\users\nabom\onedrive\desktop\개인포폴준비용\20190304작업_프메\x64\debug\fontloader.obj
c:\users\nabom\onedrive\desktop\개인포폴준비용\20190304작업_프메\x64\debug\effectmanager.obj
c:\users\nabom\onedrive\desktop\개인포폴준비용\20190304작업_프메\x64\debug\effect.obj
c:\users\nabom\onedrive\desktop\개인포폴준비용\20190304작업_프메\x64\debug\d2dmanager.obj
c:\users\nabom\onedrive\desktop\개인포폴준비용\20190304작업_프메\x64\debug\camera.obj
c:\users\nabom\onedrive\desktop\개인포폴준비용\20190304작업_프메\x64\debug\button.obj
c:\users\nabom\onedrive\desktop\개인포폴준비용\20190304작업_프메\x64\debug\animation.obj
c:\users\nabom\onedrive\desktop\개인포폴준비용\20190304작업_프메\x64\debug\action.obj
c:\users\nabom\onedrive\desktop\개인포폴준비용\20190304작업_프메\x64\debug\windowsapi.obj
c:\users\nabom\onedrive\desktop\개인포폴준비용\20190304작업_프메\x64\debug\utils.obj
c:\users\nabom\onedrive\desktop\개인포폴준비용\20190304작업_프메\x64\debug\txtdata.obj
c:\users\nabom\onedrive\desktop\개인포폴준비용\20190304작업_프메\x64\debug\timer.obj
c:\users\nabom\onedrive\desktop\개인포폴준비용\20190304작업_프메\x64\debug\timemanager.obj
c:\users\nabom\onedrive\desktop\개인포폴준비용\20190304작업_프메\x64\debug\testtttt.obj
c:\users\nabom\onedrive\desktop\개인포폴준비용\20190304작업_프메\x64\debug\startscene.obj
c:\users\nabom\onedrive\desktop\개인포폴준비용\20190304작업_프메\x64\debug\soundmanager.obj
c:\users\nabom\onedrive\desktop\개인포폴준비용\20190304작업_프메\x64\debug\scenemanager.obj
c:\users\nabom\onedrive\desktop\개인포폴준비용\20190304작업_프메\x64\debug\prologuescene.obj
c:\users\nabom\onedrive\desktop\개인포폴준비용\20190304작업_프메\x64\debug\playground.obj
c:\users\nabom\onedrive\desktop\개인포폴준비용\20190304작업_프메\x64\debug\playerinfo.obj
c:\users\nabom\onedrive\desktop\개인포폴준비용\20190304작업_프메\x64\debug\player.obj
c:\users\nabom\onedrive\desktop\개인포폴준비용\20190305작업_프메\x64\debug\windowsapi.pch
c:\users\nabom\onedrive\desktop\개인포폴준비용\20190305작업_프메\x64\debug\vc141.pdb
c:\users\nabom\onedrive\desktop\개인포폴준비용\20190305작업_프메\x64\debug\vc141.idb
c:\users\nabom\onedrive\desktop\개인포폴준비용\20190305작업_프메\x64\debug\stdafx.obj
c:\users\nabom\onedrive\desktop\개인포폴준비용\20190305작업_프메\x64\debug\objecttool.obj
c:\users\nabom\onedrive\desktop\개인포폴준비용\20190305작업_프메\x64\debug\maptool.obj
c:\users\nabom\onedrive\desktop\개인포폴준비용\20190305작업_프메\x64\debug\mainscene.obj
c:\users\nabom\onedrive\desktop\개인포폴준비용\20190305작업_프메\x64\debug\knighterrantryscene.obj
c:\users\nabom\onedrive\desktop\개인포폴준비용\20190305작업_프메\x64\debug\keymanager.obj
c:\users\nabom\onedrive\desktop\개인포폴준비용\20190305작업_프메\x64\debug\keyanimanager.obj
c:\users\nabom\onedrive\desktop\개인포폴준비용\20190305작업_프메\x64\debug\inidatamanager.obj
c:\users\nabom\onedrive\desktop\개인포폴준비용\20190305작업_프메\x64\debug\imagemanager.obj
c:\users\nabom\onedrive\desktop\개인포폴준비용\20190305작업_프메\x64\debug\image.obj
c:\users\nabom\onedrive\desktop\개인포폴준비용\20190305작업_프메\x64\debug\gamenode.obj
c:\users\nabom\onedrive\desktop\개인포폴준비용\20190305작업_프메\x64\debug\framemanager.obj
c:\users\nabom\onedrive\desktop\개인포폴준비용\20190305작업_프메\x64\debug\frame.obj
c:\users\nabom\onedrive\desktop\개인포폴준비용\20190305작업_프메\x64\debug\fontloader.obj
c:\users\nabom\onedrive\desktop\개인포폴준비용\20190305작업_프메\x64\debug\effectmanager.obj
c:\users\nabom\onedrive\desktop\개인포폴준비용\20190305작업_프메\x64\debug\effect.obj
c:\users\nabom\onedrive\desktop\개인포폴준비용\20190305작업_프메\x64\debug\d2dmanager.obj
c:\users\nabom\onedrive\desktop\개인포폴준비용\20190305작업_프메\x64\debug\camera.obj
c:\users\nabom\onedrive\desktop\개인포폴준비용\20190305작업_프메\x64\debug\button.obj
c:\users\nabom\onedrive\desktop\개인포폴준비용\20190305작업_프메\x64\debug\animation.obj
c:\users\nabom\onedrive\desktop\개인포폴준비용\20190305작업_프메\x64\debug\action.obj
c:\users\nabom\onedrive\desktop\개인포폴준비용\20190305작업_프메\x64\debug\windowsapi.obj
c:\users\nabom\onedrive\desktop\개인포폴준비용\20190305작업_프메\x64\debug\utils.obj
c:\users\nabom\onedrive\desktop\개인포폴준비용\20190305작업_프메\x64\debug\txtdata.obj
c:\users\nabom\onedrive\desktop\개인포폴준비용\20190305작업_프메\x64\debug\timer.obj
c:\users\nabom\onedrive\desktop\개인포폴준비용\20190305작업_프메\x64\debug\timemanager.obj
c:\users\nabom\onedrive\desktop\개인포폴준비용\20190305작업_프메\x64\debug\testtttt.obj
c:\users\nabom\onedrive\desktop\개인포폴준비용\20190305작업_프메\x64\debug\startscene.obj
c:\users\nabom\onedrive\desktop\개인포폴준비용\20190305작업_프메\x64\debug\soundmanager.obj
c:\users\nabom\onedrive\desktop\개인포폴준비용\20190305작업_프메\x64\debug\scenemanager.obj
c:\users\nabom\onedrive\desktop\개인포폴준비용\20190305작업_프메\x64\debug\prologuescene.obj
c:\users\nabom\onedrive\desktop\개인포폴준비용\20190305작업_프메\x64\debug\playground.obj
c:\users\nabom\onedrive\desktop\개인포폴준비용\20190305작업_프메\x64\debug\playerinfo.obj
c:\users\nabom\onedrive\desktop\개인포폴준비용\20190305작업_프메\x64\debug\player.obj
c:\users\nabom\onedrive\desktop\개인포폴준비용\20190306작업_프메\x64\debug\vc141.pdb
c:\users\nabom\onedrive\desktop\개인포폴준비용\20190306작업_프메\x64\debug\vc141.idb
c:\users\nabom\onedrive\desktop\개인포폴준비용\20190306작업_프메\x64\debug\objecttool.obj
c:\users\nabom\onedrive\desktop\개인포폴준비용\20190306작업_프메\x64\debug\maptool.obj
c:\users\nabom\onedrive\desktop\개인포폴준비용\20190306작업_프메\x64\debug\mainscene.obj
c:\users\nabom\onedrive\desktop\개인포폴준비용\20190306작업_프메\x64\debug\knighterrantryscene.obj
c:\users\nabom\onedrive\desktop\개인포폴준비용\20190306작업_프메\x64\debug\keymanager.obj
c:\users\nabom\onedrive\desktop\개인포폴준비용\20190306작업_프메\x64\debug\keyanimanager.obj
c:\users\nabom\onedrive\desktop\개인포폴준비용\20190306작업_프메\x64\debug\inidatamanager.obj
c:\users\nabom\onedrive\desktop\개인포폴준비용\20190306작업_프메\x64\debug\imagemanager.obj
c:\users\nabom\onedrive\desktop\개인포폴준비용\20190306작업_프메\x64\debug\image.obj
c:\users\nabom\onedrive\desktop\개인포폴준비용\20190306작업_프메\x64\debug\gamenode.obj
c:\users\nabom\onedrive\desktop\개인포폴준비용\20190306작업_프메\x64\debug\framemanager.obj
c:\users\nabom\onedrive\desktop\개인포폴준비용\20190306작업_프메\x64\debug\frame.obj
c:\users\nabom\onedrive\desktop\개인포폴준비용\20190306작업_프메\x64\debug\fontloader.obj
c:\users\nabom\onedrive\desktop\개인포폴준비용\20190306작업_프메\x64\debug\effectmanager.obj
c:\users\nabom\onedrive\desktop\개인포폴준비용\20190306작업_프메\x64\debug\effect.obj
c:\users\nabom\onedrive\desktop\개인포폴준비용\20190306작업_프메\x64\debug\d2dmanager.obj
c:\users\nabom\onedrive\desktop\개인포폴준비용\20190306작업_프메\x64\debug\camera.obj
c:\users\nabom\onedrive\desktop\개인포폴준비용\20190306작업_프메\x64\debug\button.obj
c:\users\nabom\onedrive\desktop\개인포폴준비용\20190306작업_프메\x64\debug\animation.obj
c:\users\nabom\onedrive\desktop\개인포폴준비용\20190306작업_프메\x64\debug\action.obj
c:\users\nabom\onedrive\desktop\개인포폴준비용\20190306작업_프메\x64\debug\windowsapi.obj
c:\users\nabom\onedrive\desktop\개인포폴준비용\20190306작업_프메\x64\debug\utils.obj
c:\users\nabom\onedrive\desktop\개인포폴준비용\20190306작업_프메\x64\debug\txtdata.obj
c:\users\nabom\onedrive\desktop\개인포폴준비용\20190306작업_프메\x64\debug\timer.obj
c:\users\nabom\onedrive\desktop\개인포폴준비용\20190306작업_프메\x64\debug\timemanager.obj
c:\users\nabom\onedrive\desktop\개인포폴준비용\20190306작업_프메\x64\debug\testtttt.obj
c:\users\nabom\onedrive\desktop\개인포폴준비용\20190306작업_프메\x64\debug\startscene.obj
c:\users\nabom\onedrive\desktop\개인포폴준비용\20190306작업_프메\x64\debug\soundmanager.obj
c:\users\nabom\onedrive\desktop\개인포폴준비용\20190306작업_프메\x64\debug\scenemanager.obj
c:\users\nabom\onedrive\desktop\개인포폴준비용\20190306작업_프메\x64\debug\prologuescene.obj
c:\users\nabom\onedrive\desktop\개인포폴준비용\20190306작업_프메\x64\debug\playground.obj
c:\users\nabom\onedrive\desktop\개인포폴준비용\20190306작업_프메\x64\debug\playerinfo.obj
c:\users\nabom\onedrive\desktop\개인포폴준비용\20190306작업_프메\x64\debug\player.obj
c:\users\nabom\onedrive\desktop\개인포폴준비용\20190306작업_프메\x64\debug\mainui.obj
c:\users\nabom\onedrive\desktop\개인포폴준비용\20190306작업_프메\x64\debug\baseui.obj
c:\users\nabom\onedrive\desktop\개인포폴준비용\20190306작업_프메\x64\debug\uimanager.obj
c:\users\nabom\onedrive\desktop\개인포폴준비용\20190306작업_프메\x64\debug\windowsapi.pch
c:\users\nabom\onedrive\desktop\개인포폴준비용\20190306작업_프메\x64\debug\stdafx.obj
c:\users\nabom\onedrive\desktop\개인포폴준비용\20190306작업_프메\x64\debug\newplayerscene.obj
c:\users\nabom\onedrive\desktop\개인포폴준비용\20190307작업_프메\x64\debug\windowsapi.pch
c:\users\nabom\onedrive\desktop\개인포폴준비용\20190307작업_프메\x64\debug\vc141.pdb
c:\users\nabom\onedrive\desktop\개인포폴준비용\20190307작업_프메\x64\debug\vc141.idb
c:\users\nabom\onedrive\desktop\개인포폴준비용\20190307작업_프메\x64\debug\stdafx.obj
c:\users\nabom\onedrive\desktop\개인포폴준비용\20190307작업_프메\x64\debug\mainui.obj
c:\users\nabom\onedrive\desktop\개인포폴준비용\20190307작업_프메\x64\debug\knighterrantryscene.obj
c:\users\nabom\onedrive\desktop\개인포폴준비용\20190307작업_프메\x64\debug\keymanager.obj
c:\users\nabom\onedrive\desktop\개인포폴준비용\20190307작업_프메\x64\debug\keyanimanager.obj
c:\users\nabom\onedrive\desktop\개인포폴준비용\20190307작업_프메\x64\debug\inidatamanager.obj
c:\users\nabom\onedrive\desktop\개인포폴준비용\20190307작업_프메\x64\debug\imagemanager.obj
c:\users\nabom\onedrive\desktop\개인포폴준비용\20190307작업_프메\x64\debug\image.obj
c:\users\nabom\onedrive\desktop\개인포폴준비용\20190307작업_프메\x64\debug\gamenode.obj
c:\users\nabom\onedrive\desktop\개인포폴준비용\20190307작업_프메\x64\debug\framemanager.obj
c:\users\nabom\onedrive\desktop\개인포폴준비용\20190307작업_프메\x64\debug\frame.obj
c:\users\nabom\onedrive\desktop\개인포폴준비용\20190307작업_프메\x64\debug\fontloader.obj
c:\users\nabom\onedrive\desktop\개인포폴준비용\20190307작업_프메\x64\debug\effectmanager.obj
c:\users\nabom\onedrive\desktop\개인포폴준비용\20190307작업_프메\x64\debug\effect.obj
c:\users\nabom\onedrive\desktop\개인포폴준비용\20190307작업_프메\x64\debug\d2dmanager.obj
c:\users\nabom\onedrive\desktop\개인포폴준비용\20190307작업_프메\x64\debug\camera.obj
c:\users\nabom\onedrive\desktop\개인포폴준비용\20190307작업_프메\x64\debug\button.obj
c:\users\nabom\onedrive\desktop\개인포폴준비용\20190307작업_프메\x64\debug\baseui.obj
c:\users\nabom\onedrive\desktop\개인포폴준비용\20190307작업_프메\x64\debug\animation.obj
c:\users\nabom\onedrive\desktop\개인포폴준비용\20190307작업_프메\x64\debug\action.obj
c:\users\nabom\onedrive\desktop\개인포폴준비용\20190307작업_프메\x64\debug\windowsapi.obj
c:\users\nabom\onedrive\desktop\개인포폴준비용\20190307작업_프메\x64\debug\utils.obj
c:\users\nabom\onedrive\desktop\개인포폴준비용\20190307작업_프메\x64\debug\uimanager.obj
c:\users\nabom\onedrive\desktop\개인포폴준비용\20190307작업_프메\x64\debug\txtdata.obj
c:\users\nabom\onedrive\desktop\개인포폴준비용\20190307작업_프메\x64\debug\timer.obj
c:\users\nabom\onedrive\desktop\개인포폴준비용\20190307작업_프메\x64\debug\timemanager.obj
c:\users\nabom\onedrive\desktop\개인포폴준비용\20190307작업_프메\x64\debug\testtttt.obj
c:\users\nabom\onedrive\desktop\개인포폴준비용\20190307작업_프메\x64\debug\startscene.obj
c:\users\nabom\onedrive\desktop\개인포폴준비용\20190307작업_프메\x64\debug\soundmanager.obj
c:\users\nabom\onedrive\desktop\개인포폴준비용\20190307작업_프메\x64\debug\scenemanager.obj
c:\users\nabom\onedrive\desktop\개인포폴준비용\20190307작업_프메\x64\debug\prologuescene.obj
c:\users\nabom\onedrive\desktop\개인포폴준비용\20190307작업_프메\x64\debug\playground.obj
c:\users\nabom\onedrive\desktop\개인포폴준비용\20190307작업_프메\x64\debug\playerinfo.obj
c:\users\nabom\onedrive\desktop\개인포폴준비용\20190307작업_프메\x64\debug\player.obj
c:\users\nabom\onedrive\desktop\개인포폴준비용\20190307작업_프메\x64\debug\objecttool.obj
c:\users\nabom\onedrive\desktop\개인포폴준비용\20190307작업_프메\x64\debug\newplayerscene.obj
c:\users\nabom\onedrive\desktop\개인포폴준비용\20190307작업_프메\x64\debug\maptool.obj
c:\users\nabom\onedrive\desktop\개인포폴준비용\20190307작업_프메\x64\debug\mainscene.obj
c:\users\nabom\onedrive\desktop\개인포폴준비용\20190308작업_프메\x64\debug\windowsapi.pch
c:\users\nabom\onedrive\desktop\개인포폴준비용\20190308작업_프메\x64\debug\vc141.pdb
c:\users\nabom\onedrive\desktop\개인포폴준비용\20190308작업_프메\x64\debug\vc141.idb
c:\users\nabom\onedrive\desktop\개인포폴준비용\20190308작업_프메\x64\debug\stdafx.obj
c:\users\nabom\onedrive\desktop\개인포폴준비용\20190308작업_프메\x64\debug\mainui.obj
c:\users\nabom\onedrive\desktop\개인포폴준비용\20190308작업_프메\x64\debug\mainscene.obj
c:\users\nabom\onedrive\desktop\개인포폴준비용\20190308작업_프메\x64\debug\knighterrantryscene.obj
c:\users\nabom\onedrive\desktop\개인포폴준비용\20190308작업_프메\x64\debug\keymanager.obj
c:\users\nabom\onedrive\desktop\개인포폴준비용\20190308작업_프메\x64\debug\keyanimanager.obj
c:\users\nabom\onedrive\desktop\개인포폴준비용\20190308작업_프메\x64\debug\inidatamanager.obj
c:\users\nabom\onedrive\desktop\개인포폴준비용\20190308작업_프메\x64\debug\imagemanager.obj
c:\users\nabom\onedrive\desktop\개인포폴준비용\20190308작업_프메\x64\debug\image.obj
c:\users\nabom\onedrive\desktop\개인포폴준비용\20190308작업_프메\x64\debug\gamenode.obj
c:\users\nabom\onedrive\desktop\개인포폴준비용\20190308작업_프메\x64\debug\framemanager.obj
c:\users\nabom\onedrive\desktop\개인포폴준비용\20190308작업_프메\x64\debug\frame.obj
c:\users\nabom\onedrive\desktop\개인포폴준비용\20190308작업_프메\x64\debug\fontloader.obj
c:\users\nabom\onedrive\desktop\개인포폴준비용\20190308작업_프메\x64\debug\effectmanager.obj
c:\users\nabom\onedrive\desktop\개인포폴준비용\20190308작업_프메\x64\debug\effect.obj
c:\users\nabom\onedrive\desktop\개인포폴준비용\20190308작업_프메\x64\debug\d2dmanager.obj
c:\users\nabom\onedrive\desktop\개인포폴준비용\20190308작업_프메\x64\debug\camera.obj
c:\users\nabom\onedrive\desktop\개인포폴준비용\20190308작업_프메\x64\debug\button.obj
c:\users\nabom\onedrive\desktop\개인포폴준비용\20190308작업_프메\x64\debug\baseui.obj
c:\users\nabom\onedrive\desktop\개인포폴준비용\20190308작업_프메\x64\debug\animation.obj
c:\users\nabom\onedrive\desktop\개인포폴준비용\20190308작업_프메\x64\debug\action.obj
c:\users\nabom\onedrive\desktop\개인포폴준비용\20190308작업_프메\x64\debug\windowsapi.obj
c:\users\nabom\onedrive\desktop\개인포폴준비용\20190308작업_프메\x64\debug\utils.obj
c:\users\nabom\onedrive\desktop\개인포폴준비용\20190308작업_프메\x64\debug\uimanager.obj
c:\users\nabom\onedrive\desktop\개인포폴준비용\20190308작업_프메\x64\debug\txtdata.obj
c:\users\nabom\onedrive\desktop\개인포폴준비용\20190308작업_프메\x64\debug\timer.obj
c:\users\nabom\onedrive\desktop\개인포폴준비용\20190308작업_프메\x64\debug\timemanager.obj
c:\users\nabom\onedrive\desktop\개인포폴준비용\20190308작업_프메\x64\debug\testtttt.obj
c:\users\nabom\onedrive\desktop\개인포폴준비용\20190308작업_프메\x64\debug\startscene.obj
c:\users\nabom\onedrive\desktop\개인포폴준비용\20190308작업_프메\x64\debug\soundmanager.obj
c:\users\nabom\onedrive\desktop\개인포폴준비용\20190308작업_프메\x64\debug\scenemanager.obj
c:\users\nabom\onedrive\desktop\개인포폴준비용\20190308작업_프메\x64\debug\prologuescene.obj
c:\users\nabom\onedrive\desktop\개인포폴준비용\20190308작업_프메\x64\debug\playground.obj
c:\users\nabom\onedrive\desktop\개인포폴준비용\20190308작업_프메\x64\debug\playerinfo.obj
c:\users\nabom\onedrive\desktop\개인포폴준비용\20190308작업_프메\x64\debug\player.obj
c:\users\nabom\onedrive\desktop\개인포폴준비용\20190308작업_프메\x64\debug\objecttool.obj
c:\users\nabom\onedrive\desktop\개인포폴준비용\20190308작업_프메\x64\debug\newplayerscene.obj
c:\users\nabom\onedrive\desktop\개인포폴준비용\20190308작업_프메\x64\debug\maptool.obj
c:\users\nabom\onedrive\desktop\개인포폴준비용\20190304작업_프메\x64\debug\windowsapi.exe
c:\users\nabom\onedrive\desktop\개인포폴준비용\20190304작업_프메\x64\debug\windowsapi.ilk
c:\users\nabom\onedrive\desktop\개인포폴준비용\20190304작업_프메\x64\debug\windowsapi.pdb
c:\users\nabom\onedrive\desktop\개인포폴준비용\20190305작업_프메\x64\debug\windowsapi.exe
c:\users\nabom\onedrive\desktop\개인포폴준비용\20190305작업_프메\x64\debug\windowsapi.ilk
c:\users\nabom\onedrive\desktop\개인포폴준비용\20190305작업_프메\x64\debug\windowsapi.pdb
c:\users\nabom\onedrive\desktop\개인포폴준비용\20190306작업_프메\x64\debug\windowsapi.exe
c:\users\nabom\onedrive\desktop\개인포폴준비용\20190306작업_프메\x64\debug\windowsapi.ilk
c:\users\nabom\onedrive\desktop\개인포폴준비용\20190306작업_프메\x64\debug\windowsapi.pdb
c:\users\nabom\onedrive\desktop\개인포폴준비용\20190307작업_프메\x64\debug\windowsapi.exe
c:\users\nabom\onedrive\desktop\개인포폴준비용\20190307작업_프메\x64\debug\windowsapi.ilk
c:\users\nabom\onedrive\desktop\개인포폴준비용\20190307작업_프메\x64\debug\windowsapi.pdb
c:\users\nabom\onedrive\desktop\개인포폴준비용\20190308작업_프메\x64\debug\windowsapi.exe
c:\users\nabom\onedrive\desktop\개인포폴준비용\20190308작업_프메\x64\debug\windowsapi.ilk
c:\users\nabom\onedrive\desktop\개인포폴준비용\20190308작업_프메\x64\debug\windowsapi.pdb
c:\users\nabom\onedrive\desktop\개인포폴준비용\20190304작업_프메\x64\debug\windowsapi.res
c:\users\nabom\onedrive\desktop\개인포폴준비용\20190305작업_프메\x64\debug\windowsapi.res
c:\users\nabom\onedrive\desktop\개인포폴준비용\20190306작업_프메\x64\debug\windowsapi.res
c:\users\nabom\onedrive\desktop\개인포폴준비용\20190307작업_프메\x64\debug\windowsapi.res
c:\users\nabom\onedrive\desktop\개인포폴준비용\20190308작업_프메\x64\debug\windowsapi.res
c:\users\nabom\onedrive\desktop\개인포폴준비용\20190308작업_프메\x64\debug\windowsapi.tlog\cl.command.1.tlog
c:\users\nabom\onedrive\desktop\개인포폴준비용\20190308작업_프메\x64\debug\windowsapi.tlog\cl.read.1.tlog
c:\users\nabom\onedrive\desktop\개인포폴준비용\20190308작업_프메\x64\debug\windowsapi.tlog\cl.write.1.tlog
c:\users\nabom\onedrive\desktop\개인포폴준비용\20190308작업_프메\x64\debug\windowsapi.tlog\link.command.1.tlog
c:\users\nabom\onedrive\desktop\개인포폴준비용\20190308작업_프메\x64\debug\windowsapi.tlog\link.read.1.tlog
c:\users\nabom\onedrive\desktop\개인포폴준비용\20190308작업_프메\x64\debug\windowsapi.tlog\link.write.1.tlog
c:\users\nabom\onedrive\desktop\개인포폴준비용\20190308작업_프메\x64\debug\windowsapi.tlog\rc.command.1.tlog
c:\users\nabom\onedrive\desktop\개인포폴준비용\20190308작업_프메\x64\debug\windowsapi.tlog\rc.read.1.tlog
c:\users\nabom\onedrive\desktop\개인포폴준비용\20190308작업_프메\x64\debug\windowsapi.tlog\rc.write.1.tlog
